2025-06-25T06:58:23.779Z | INFO | User Logged In
2025-06-25T06:58:24.002Z | INFO | User JWT created
2025-06-25T07:00:15.904Z | ERROR | Credentials needed at Login
2025-06-25T07:01:14.241Z | WARN | User not found
2025-06-25T07:01:53.506Z | INFO | User created
2025-06-25T07:01:58.221Z | INFO | User Logged In
2025-06-25T07:01:58.411Z | INFO | User JWT created
2025-06-25T07:05:42.960Z | WARN | User already exists {
  _id: new ObjectId('685b9ee1ce437d6f0433de4e'),
  firstName: 'Monty',
  lastName: 'Ahluwalia',
  email: 'monty@demo.com',
  password: '$2b$10$hzFo2reFhhE.B5zTal/Tm.XPnh0gWR8WRrkyk0z/.la2epAlNAgaO',
  phone: 9999988881,
  location: 'Banglore',
  isVerified: false,
  createdAt: 2025-06-25T07:01:53.382Z,
  updatedAt: 2025-06-25T07:01:53.382Z,
  __v: 0
}
2025-06-25T07:11:01.976Z | INFO | User Logged In
2025-06-25T07:11:02.106Z | INFO | User LoggedIn, JWT created and attached
2025-06-25T07:12:27.829Z | INFO | User found {
  _id: new ObjectId('685b9ee1ce437d6f0433de4e'),
  firstName: 'Monty',
  lastName: 'Ahluwalia',
  email: 'monty@demo.com',
  password: '$2b$10$hzFo2reFhhE.B5zTal/Tm.XPnh0gWR8WRrkyk0z/.la2epAlNAgaO',
  phone: 9999988881,
  location: 'Banglore',
  isVerified: false,
  createdAt: 2025-06-25T07:01:53.382Z,
  updatedAt: 2025-06-25T07:01:53.382Z,
  __v: 0
}
2025-06-25T07:12:27.954Z | INFO | User LoggedIn, JWT created and attached
2025-06-25T07:18:45.855Z | INFO | User found {
  _id: new ObjectId('685b9ee1ce437d6f0433de4e'),
  firstName: 'Monty',
  lastName: 'Ahluwalia',
  email: 'monty@demo.com',
  password: '$2b$10$hzFo2reFhhE.B5zTal/Tm.XPnh0gWR8WRrkyk0z/.la2epAlNAgaO',
  phone: 9999988881,    
  location: 'Banglore',
  isVerified: false,
  createdAt: 2025-06-25T07:01:53.382Z,
  updatedAt: 2025-06-25T07:01:53.382Z,
  __v: 0
}
2025-06-25T07:18:45.987Z | INFO | User LoggedIn, JWT created and attached
2025-06-25T07:19:31.181Z | INFO | User found Monty Ahluwalia
2025-06-25T07:19:31.308Z | INFO | User LoggedIn, JWT created and attached
2025-06-25T07:19:45.320Z | INFO | User found "Monty Ahluwalia"
2025-06-25T07:19:45.456Z | INFO | User LoggedIn, JWT created and attached
2025-06-25T08:46:08.452Z | INFO | User found "Monty Ahluwalia"
2025-06-25T08:46:08.753Z | INFO | User LoggedIn, JWT created and attached
2025-06-25T08:46:19.398Z | WARN | User already exists {
  _id: new ObjectId('685b9ee1ce437d6f0433de4e'),
  firstName: 'Monty',
  lastName: 'Ahluwalia',
  email: 'monty@demo.com',
  phone: 9999988881,
  location: 'Banglore',
  isVerified: false,
  createdAt: 2025-06-25T07:01:53.382Z,
  updatedAt: 2025-06-25T07:01:53.382Z,
  __v: 0
}
2025-06-25T08:46:22.631Z | WARN | User already exists {
  _id: new ObjectId('685b9ee1ce437d6f0433de4e'),
  firstName: 'Monty',
  lastName: 'Ahluwalia',
  email: 'monty@demo.com',
  phone: 9999988881,
  location: 'Banglore',
  isVerified: false,
  createdAt: 2025-06-25T07:01:53.382Z,
  updatedAt: 2025-06-25T07:01:53.382Z,
  __v: 0
}
2025-06-25T09:10:17.759Z | ERROR | Error in adminSeeder file: Illegal arguments: undefined, number
2025-06-25T09:11:26.145Z | ERROR | Error in adminSeeder file: Illegal arguments: undefined, number
2025-06-25T09:17:59.693Z | ERROR | Error in adminSeeder file: Illegal arguments: undefined, number
2025-06-25T09:18:16.720Z | ERROR | Error in adminSeeder file: Illegal arguments: undefined, number
2025-06-25T10:06:17.173Z | ERROR | Error in adminSeeder file: Operation `admins.insertOne()` buffering timed out after 10000ms
2025-06-25T10:11:09.144Z | INFO | Admin created by adminSeeder file Super Admin
2025-06-25T10:17:14.902Z | ERROR | Error in adminSeeder file: E11000 duplicate key error collection: RSA.admins index: email_1 dup key: { email: "admin@example.com" }
2025-06-25T10:17:28.042Z | INFO | Admin created by adminSeeder file Super Admin
2025-06-25T18:54:13.291Z | ERROR | mongoDB --> Error: Cannot read properties of undefined (reading 'log') || TypeError: Cannot read properties of undefined (reading 'log')
2025-06-25T18:54:24.912Z | ERROR | mongoDB --> Error: Cannot assign to read only property 'plugins' of object '#<Mongoose>' || TypeError: Cannot assign to read only property 'plugins' of object '#<Mongoose>'
2025-06-25T18:55:08.956Z | ERROR | mongoDB --> Error: Cannot assign to read only property 'plugins' of object '#<Mongoose>' || TypeError: Cannot assign to read only property 'plugins' of object '#<Mongoose>'
2025-06-26T06:46:37.686Z | ERROR | Unhandled Rejection Encountered: TypeError: logger?.infor is not a function
2025-06-26T06:48:00.549Z | ERROR | Unhandled Rejection Encountered: TypeError: logger?.infor is not a function
2025-06-26T06:53:31.431Z | INFO | MongoDB connected successfully
2025-06-26T06:53:38.119Z | INFO | Shutting down due to : SIGINT
2025-06-26T06:56:07.157Z | INFO | MongoDB connected successfully
2025-06-26T06:56:08.585Z | INFO | Shutting down due to : SIGINT
2025-06-26T06:57:21.034Z | INFO | MongoDB connected successfully
2025-06-26T06:57:22.720Z | INFO | Shutting down due to : SIGINT
2025-06-26T06:59:10.960Z | INFO | MongoDB connected successfully
2025-06-26T06:59:12.022Z | INFO | Shutting down due to : SIGINT
2025-06-26T06:59:22.831Z | INFO | MongoDB connected successfully
2025-06-26T06:59:24.048Z | INFO | Shutting down due to : SIGINT
2025-06-26T07:01:31.043Z | INFO | MongoDB connected successfully
2025-06-26T07:01:33.220Z | INFO | Shutting down due to : SIGINT
2025-06-26T10:14:34.867Z | INFO | MongoDB connected successfully
2025-06-26T10:17:03.555Z | INFO | MongoDB connected successfully
Thu Jun 26 2025 15:47:21 GMT+0530 (India Standard Time) | INFO | MongoDB connected successfully
2025-06-26T10:17:26.358Z | INFO | MongoDB connected successfully
26/6/2025, 3:47:31 pm | INFO | MongoDB connected successfully
26/6/2025, 3:47:34 pm | INFO | MongoDB connected successfully
26/6/2025, 3:47:53 pm | INFO | MongoDB connected successfully
26/6/2025, 3:47:55 pm | INFO | MongoDB connected successfully
26/6/2025, 3:48:13 pm | INFO | Shutting down due to : SIGINT
26/6/2025, 3:49:03 pm | INFO | MongoDB connected successfully
26/6/2025, 3:49:07 pm | INFO | Shutting down due to : SIGINT
26/6/2025, 3:52:55 pm | INFO | MongoDB connected successfully
26/6/2025, 3:53:08 pm | INFO | Shutting down due to : SIGINT
26/6/2025, 3:53:08 pm | INFO | HTTP server closed
26/6/2025, 4:25:33 pm | INFO | MongoDB connected successfully
26/6/2025, 4:30:44 pm | INFO | MongoDB connected successfully
26/6/2025, 4:30:46 pm | INFO | Shutting down due to : SIGINT
27/6/2025, 3:38:00 am | INFO | MongoDB connected successfully
27/6/2025, 3:38:51 am | INFO | MongoDB connected successfully
27/6/2025, 3:38:53 am | INFO | MongoDB connected successfully
27/6/2025, 3:39:00 am | INFO | MongoDB connected successfully
27/6/2025, 3:39:01 am | INFO | MongoDB connected successfully
27/6/2025, 3:46:20 am | INFO | MongoDB connected successfully
27/6/2025, 3:46:23 am | INFO | MongoDB connected successfully
27/6/2025, 3:46:25 am | INFO | MongoDB connected successfully
27/6/2025, 3:46:31 am | INFO | MongoDB connected successfully
27/6/2025, 3:46:46 am | INFO | MongoDB connected successfully
27/6/2025, 3:46:50 am | INFO | MongoDB connected successfully
27/6/2025, 3:46:54 am | INFO | MongoDB connected successfully
27/6/2025, 3:46:59 am | INFO | MongoDB connected successfully
27/6/2025, 3:47:03 am | INFO | MongoDB connected successfully
27/6/2025, 3:47:11 am | INFO | MongoDB connected successfully
27/6/2025, 3:47:13 am | INFO | MongoDB connected successfully
27/6/2025, 3:47:48 am | INFO | MongoDB connected successfully
27/6/2025, 3:47:52 am | INFO | MongoDB connected successfully
27/6/2025, 3:47:56 am | INFO | MongoDB connected successfully
27/6/2025, 3:48:03 am | INFO | MongoDB connected successfully
27/6/2025, 3:48:07 am | INFO | MongoDB connected successfully
27/6/2025, 3:48:10 am | INFO | MongoDB connected successfully
27/6/2025, 3:48:30 am | INFO | MongoDB connected successfully
27/6/2025, 3:48:31 am | INFO | MongoDB connected successfully
27/6/2025, 11:56:05 am | INFO | MongoDB connected successfully
27/6/2025, 11:56:15 am | INFO | MongoDB connected successfully
27/6/2025, 11:56:16 am | INFO | MongoDB connected successfully
27/6/2025, 11:56:26 am | INFO | MongoDB connected successfully
27/6/2025, 11:56:31 am | INFO | MongoDB connected successfully
27/6/2025, 11:56:32 am | INFO | MongoDB connected successfully
27/6/2025, 11:56:37 am | INFO | MongoDB connected successfully
27/6/2025, 11:56:39 am | INFO | MongoDB connected successfully
27/6/2025, 11:56:41 am | INFO | MongoDB connected successfully
27/6/2025, 11:56:59 am | INFO | MongoDB connected successfully
27/6/2025, 11:57:11 am | INFO | MongoDB connected successfully
27/6/2025, 11:57:16 am | INFO | MongoDB connected successfully
27/6/2025, 11:57:18 am | INFO | MongoDB connected successfully
27/6/2025, 11:57:21 am | INFO | MongoDB connected successfully
27/6/2025, 11:57:26 am | INFO | MongoDB connected successfully
27/6/2025, 11:57:33 am | INFO | MongoDB connected successfully
27/6/2025, 11:57:37 am | INFO | MongoDB connected successfully
27/6/2025, 11:57:39 am | INFO | MongoDB connected successfully
27/6/2025, 11:57:42 am | INFO | MongoDB connected successfully
27/6/2025, 11:57:45 am | INFO | MongoDB connected successfully
27/6/2025, 11:57:46 am | INFO | MongoDB connected successfully
27/6/2025, 11:57:48 am | INFO | MongoDB connected successfully
27/6/2025, 11:57:50 am | INFO | MongoDB connected successfully
27/6/2025, 11:58:04 am | INFO | MongoDB connected successfully
27/6/2025, 11:58:08 am | INFO | MongoDB connected successfully
27/6/2025, 11:58:11 am | INFO | MongoDB connected successfully
27/6/2025, 11:58:14 am | INFO | MongoDB connected successfully
27/6/2025, 11:58:15 am | INFO | MongoDB connected successfully
27/6/2025, 11:58:18 am | INFO | MongoDB connected successfully
27/6/2025, 11:58:21 am | INFO | MongoDB connected successfully
27/6/2025, 11:58:25 am | INFO | MongoDB connected successfully
27/6/2025, 11:58:32 am | INFO | MongoDB connected successfully
27/6/2025, 11:58:38 am | INFO | MongoDB connected successfully
27/6/2025, 11:58:51 am | INFO | MongoDB connected successfully
27/6/2025, 11:58:58 am | INFO | MongoDB connected successfully
27/6/2025, 11:59:05 am | INFO | MongoDB connected successfully
27/6/2025, 11:59:06 am | INFO | MongoDB connected successfully
27/6/2025, 11:59:09 am | INFO | MongoDB connected successfully
27/6/2025, 11:59:33 am | INFO | MongoDB connected successfully
27/6/2025, 11:59:35 am | INFO | MongoDB connected successfully
27/6/2025, 11:59:39 am | INFO | MongoDB connected successfully
27/6/2025, 12:01:58 pm | INFO | MongoDB connected successfully
27/6/2025, 12:02:35 pm | INFO | MongoDB connected successfully
27/6/2025, 12:02:37 pm | INFO | MongoDB connected successfully
27/6/2025, 12:02:53 pm | INFO | MongoDB connected successfully
27/6/2025, 12:02:58 pm | INFO | MongoDB connected successfully
27/6/2025, 12:03:00 pm | INFO | MongoDB connected successfully
27/6/2025, 12:03:17 pm | INFO | MongoDB connected successfully
27/6/2025, 12:04:00 pm | INFO | MongoDB connected successfully
27/6/2025, 12:04:01 pm | INFO | MongoDB connected successfully
27/6/2025, 7:07:56 pm | INFO | MongoDB connected successfully
27/6/2025, 7:08:46 pm | INFO | MongoDB connected successfully
27/6/2025, 7:08:59 pm | INFO | MongoDB connected successfully
27/6/2025, 7:09:22 pm | INFO | MongoDB connected successfully
27/6/2025, 7:09:29 pm | INFO | MongoDB connected successfully
27/6/2025, 7:09:33 pm | INFO | MongoDB connected successfully
27/6/2025, 7:09:45 pm | INFO | MongoDB connected successfully
27/6/2025, 7:09:48 pm | INFO | MongoDB connected successfully
27/6/2025, 7:10:11 pm | INFO | MongoDB connected successfully
27/6/2025, 7:10:21 pm | INFO | MongoDB connected successfully
27/6/2025, 7:10:24 pm | INFO | MongoDB connected successfully
27/6/2025, 7:10:28 pm | INFO | MongoDB connected successfully
27/6/2025, 7:10:49 pm | INFO | MongoDB connected successfully
27/6/2025, 7:11:19 pm | INFO | MongoDB connected successfully
27/6/2025, 7:13:05 pm | INFO | MongoDB connected successfully
27/6/2025, 7:34:41 pm | INFO | Shutting down due to : SIGINT
28/6/2025, 12:06:27 am | INFO | MongoDB connected successfully
28/6/2025, 12:07:40 am | INFO | MongoDB connected successfully
28/6/2025, 12:07:54 am | INFO | MongoDB connected successfully
28/6/2025, 12:07:56 am | INFO | MongoDB connected successfully
28/6/2025, 12:08:05 am | INFO | MongoDB connected successfully
28/6/2025, 12:08:12 am | INFO | MongoDB connected successfully
28/6/2025, 12:08:14 am | INFO | MongoDB connected successfully
28/6/2025, 12:09:02 am | INFO | MongoDB connected successfully
28/6/2025, 12:09:09 am | INFO | MongoDB connected successfully
28/6/2025, 12:09:15 am | INFO | MongoDB connected successfully
28/6/2025, 12:09:21 am | INFO | MongoDB connected successfully
28/6/2025, 12:09:48 am | INFO | MongoDB connected successfully
28/6/2025, 12:09:52 am | INFO | MongoDB connected successfully
28/6/2025, 12:09:58 am | INFO | MongoDB connected successfully
28/6/2025, 12:10:05 am | INFO | MongoDB connected successfully
28/6/2025, 12:10:07 am | INFO | MongoDB connected successfully
28/6/2025, 12:11:32 am | ERROR | Internal server error from userRegistration
28/6/2025, 12:15:39 am | INFO | MongoDB connected successfully
28/6/2025, 12:15:42 am | INFO | MongoDB connected successfully
28/6/2025, 12:16:17 am | ERROR | Internal server error from userRegistration
28/6/2025, 12:19:58 am | INFO | MongoDB connected successfully
28/6/2025, 12:20:57 am | INFO | MongoDB connected successfully
28/6/2025, 12:21:56 am | INFO | MongoDB connected successfully
28/6/2025, 12:21:57 am | INFO | MongoDB connected successfully
28/6/2025, 12:30:19 am | INFO | MongoDB connected successfully
28/6/2025, 12:30:27 am | INFO | MongoDB connected successfully
28/6/2025, 12:31:10 am | INFO | User created
28/6/2025, 12:31:33 am | INFO | MongoDB connected successfully
28/6/2025, 12:31:41 am | INFO | MongoDB connected successfully
28/6/2025, 12:31:44 am | INFO | MongoDB connected successfully
28/6/2025, 12:32:02 am | INFO | User created
28/6/2025, 12:32:49 am | ERROR | Credentials needed at Login
28/6/2025, 12:33:09 am | INFO | MongoDB connected successfully
28/6/2025, 12:33:11 am | INFO | MongoDB connected successfully
28/6/2025, 12:33:14 am | INFO | MongoDB connected successfully
28/6/2025, 12:33:34 am | INFO | MongoDB connected successfully
28/6/2025, 12:33:34 am | INFO | Shutting down due to : SIGINT
28/6/2025, 2:23:11 pm | INFO | MongoDB connected successfully
28/6/2025, 3:07:21 pm | INFO | MongoDB connected successfully
28/6/2025, 3:07:37 pm | WARN | User not found
28/6/2025, 3:08:13 pm | INFO | MongoDB connected successfully
28/6/2025, 3:08:19 pm | INFO | MongoDB connected successfully
28/6/2025, 3:08:20 pm | WARN | User not found
28/6/2025, 3:08:31 pm | INFO | MongoDB connected successfully
28/6/2025, 3:08:33 pm | INFO | MongoDB connected successfully
28/6/2025, 3:08:35 pm | INFO | MongoDB connected successfully
28/6/2025, 3:08:38 pm | INFO | MongoDB connected successfully
28/6/2025, 3:08:40 pm | INFO | MongoDB connected successfully
28/6/2025, 3:08:41 pm | WARN | User not found
28/6/2025, 3:09:06 pm | INFO | MongoDB connected successfully
28/6/2025, 3:11:04 pm | INFO | MongoDB connected successfully
28/6/2025, 3:11:09 pm | INFO | MongoDB connected successfully
28/6/2025, 3:11:09 pm | INFO | MongoDB connected successfully
28/6/2025, 3:11:14 pm | INFO | MongoDB connected successfully
28/6/2025, 3:11:20 pm | INFO | User found "Deepak Kalal"
28/6/2025, 3:11:20 pm | ERROR | Error in user Verification/Login
28/6/2025, 3:12:22 pm | INFO | MongoDB connected successfully
28/6/2025, 3:12:23 pm | INFO | MongoDB connected successfully
28/6/2025, 3:12:25 pm | INFO | MongoDB connected successfully
28/6/2025, 3:12:28 pm | INFO | User found "Deepak Kalal"
28/6/2025, 3:12:28 pm | ERROR | Error in user Verification/Login
28/6/2025, 3:13:29 pm | INFO | MongoDB connected successfully
28/6/2025, 3:13:32 pm | INFO | MongoDB connected successfully
28/6/2025, 3:13:33 pm | INFO | User found "Deepak Kalal"
28/6/2025, 3:13:33 pm | INFO | User LoggedIn, JWT created and attached
28/6/2025, 3:14:38 pm | INFO | Shutting down due to : SIGINT
28/6/2025, 6:49:51 pm | INFO | MongoDB connected successfully
28/6/2025, 7:01:38 pm | INFO | User found "Deepak Kalal"
28/6/2025, 7:01:39 pm | INFO | User LoggedIn, JWT created and attached
28/6/2025, 7:02:20 pm | INFO | User created
28/6/2025, 7:02:22 pm | INFO | User created
28/6/2025, 7:02:26 pm | INFO | User created
28/6/2025, 7:07:16 pm | INFO | MongoDB connected successfully
28/6/2025, 7:07:18 pm | INFO | MongoDB connected successfully
28/6/2025, 7:07:23 pm | INFO | MongoDB connected successfully
28/6/2025, 7:07:25 pm | INFO | MongoDB connected successfully
28/6/2025, 7:07:28 pm | INFO | MongoDB connected successfully
28/6/2025, 7:07:33 pm | INFO | MongoDB connected successfully
28/6/2025, 7:07:37 pm | INFO | MongoDB connected successfully
28/6/2025, 7:07:38 pm | INFO | MongoDB connected successfully
28/6/2025, 7:07:42 pm | WARN | User already exists {
  _id: new ObjectId('685feee69a4d5d6c141ba3e3'),
  firstName: 'Deepak',
  lastName: 'Kalal',
  credentials: { email: 'location@bata.com', phone: 1212121212 },
  location: 'Gurgaon',
  isVerified: false,
  createdAt: 2025-06-28T13:32:22.267Z,
  updatedAt: 2025-06-28T13:32:22.267Z,
  __v: 0
}
28/6/2025, 7:39:25 pm | INFO | User created
28/6/2025, 7:39:27 pm | WARN | User already exists {
  _id: new ObjectId('685ff795489b1943d9d5f2f2'),
  firstName: 'Deepak',
  lastName: 'Kalal',
  credentials: { email: 'location@bata.com', phone: 1212121212 },
  location: 'Gurgaon',
  isVerified: false,
  createdAt: 2025-06-28T14:09:25.042Z,
  updatedAt: 2025-06-28T14:09:25.042Z,
  __v: 0
}
28/6/2025, 7:39:31 pm | INFO | User found "Deepak Kalal"
28/6/2025, 7:39:31 pm | INFO | User LoggedIn, JWT created and attached
28/6/2025, 7:43:50 pm | INFO | Shutting down due to : SIGINT
28/6/2025, 8:58:55 pm | INFO | MongoDB connected successfully
28/6/2025, 8:58:59 pm | INFO | MongoDB connected successfully
28/6/2025, 8:59:00 pm | INFO | MongoDB connected successfully
28/6/2025, 8:59:13 pm | INFO | MongoDB connected successfully
28/6/2025, 8:59:17 pm | INFO | MongoDB connected successfully
28/6/2025, 8:59:21 pm | INFO | MongoDB connected successfully
28/6/2025, 8:59:30 pm | INFO | MongoDB connected successfully
28/6/2025, 8:59:35 pm | INFO | MongoDB connected successfully
28/6/2025, 9:00:40 pm | INFO | MongoDB connected successfully
28/6/2025, 9:00:43 pm | INFO | MongoDB connected successfully
28/6/2025, 9:00:48 pm | INFO | MongoDB connected successfully
28/6/2025, 9:01:36 pm | INFO | MongoDB connected successfully
28/6/2025, 9:01:38 pm | INFO | MongoDB connected successfully
28/6/2025, 9:01:44 pm | INFO | MongoDB connected successfully
28/6/2025, 9:01:55 pm | INFO | MongoDB connected successfully
28/6/2025, 9:01:59 pm | INFO | MongoDB connected successfully
28/6/2025, 9:02:01 pm | INFO | MongoDB connected successfully
28/6/2025, 9:02:34 pm | INFO | MongoDB connected successfully
28/6/2025, 9:02:37 pm | INFO | MongoDB connected successfully
28/6/2025, 9:02:40 pm | INFO | MongoDB connected successfully
28/6/2025, 9:02:48 pm | INFO | MongoDB connected successfully
28/6/2025, 9:02:52 pm | INFO | MongoDB connected successfully
28/6/2025, 9:03:38 pm | INFO | MongoDB connected successfully
28/6/2025, 9:03:44 pm | INFO | MongoDB connected successfully
28/6/2025, 9:03:51 pm | INFO | MongoDB connected successfully
28/6/2025, 9:03:57 pm | INFO | MongoDB connected successfully
28/6/2025, 9:04:16 pm | INFO | MongoDB connected successfully
28/6/2025, 9:04:17 pm | INFO | MongoDB connected successfully
28/6/2025, 9:04:28 pm | INFO | MongoDB connected successfully
28/6/2025, 9:04:37 pm | INFO | MongoDB connected successfully
28/6/2025, 9:04:51 pm | INFO | MongoDB connected successfully
28/6/2025, 9:04:56 pm | INFO | MongoDB connected successfully
28/6/2025, 9:04:58 pm | INFO | MongoDB connected successfully
28/6/2025, 9:05:02 pm | INFO | MongoDB connected successfully
28/6/2025, 9:05:07 pm | INFO | MongoDB connected successfully
28/6/2025, 9:05:09 pm | INFO | MongoDB connected successfully
28/6/2025, 9:05:14 pm | INFO | MongoDB connected successfully
28/6/2025, 9:05:30 pm | INFO | MongoDB connected successfully
28/6/2025, 9:05:35 pm | INFO | MongoDB connected successfully
28/6/2025, 9:05:39 pm | INFO | MongoDB connected successfully
28/6/2025, 9:06:19 pm | INFO | MongoDB connected successfully
28/6/2025, 9:06:23 pm | INFO | MongoDB connected successfully
28/6/2025, 9:06:26 pm | INFO | MongoDB connected successfully
28/6/2025, 9:06:27 pm | INFO | MongoDB connected successfully
28/6/2025, 9:06:29 pm | INFO | MongoDB connected successfully
28/6/2025, 11:45:54 pm | INFO | MongoDB connected successfully
28/6/2025, 11:46:47 pm | INFO | MongoDB connected successfully
28/6/2025, 11:46:50 pm | INFO | MongoDB connected successfully
28/6/2025, 11:46:51 pm | INFO | MongoDB connected successfully
28/6/2025, 11:46:53 pm | INFO | MongoDB connected successfully
28/6/2025, 11:46:56 pm | INFO | MongoDB connected successfully
28/6/2025, 11:47:31 pm | INFO | MongoDB connected successfully
28/6/2025, 11:47:33 pm | INFO | MongoDB connected successfully
28/6/2025, 11:47:34 pm | INFO | MongoDB connected successfully
28/6/2025, 11:47:42 pm | INFO | MongoDB connected successfully
28/6/2025, 11:47:50 pm | INFO | MongoDB connected successfully
28/6/2025, 11:47:53 pm | INFO | MongoDB connected successfully
28/6/2025, 11:47:55 pm | INFO | MongoDB connected successfully
28/6/2025, 11:47:59 pm | INFO | MongoDB connected successfully
28/6/2025, 11:48:02 pm | INFO | MongoDB connected successfully
28/6/2025, 11:48:03 pm | INFO | MongoDB connected successfully
28/6/2025, 11:48:08 pm | INFO | MongoDB connected successfully
28/6/2025, 11:48:10 pm | INFO | MongoDB connected successfully
28/6/2025, 11:48:13 pm | INFO | MongoDB connected successfully
28/6/2025, 11:48:15 pm | INFO | MongoDB connected successfully
28/6/2025, 11:48:22 pm | INFO | MongoDB connected successfully
28/6/2025, 11:48:23 pm | INFO | MongoDB connected successfully
28/6/2025, 11:48:26 pm | INFO | MongoDB connected successfully
28/6/2025, 11:48:30 pm | INFO | MongoDB connected successfully
28/6/2025, 11:48:32 pm | INFO | MongoDB connected successfully
28/6/2025, 11:48:41 pm | INFO | MongoDB connected successfully
28/6/2025, 11:48:42 pm | INFO | MongoDB connected successfully
28/6/2025, 11:48:47 pm | INFO | MongoDB connected successfully
28/6/2025, 11:48:55 pm | INFO | MongoDB connected successfully
28/6/2025, 11:49:00 pm | INFO | MongoDB connected successfully
28/6/2025, 11:49:05 pm | INFO | MongoDB connected successfully
28/6/2025, 11:49:07 pm | INFO | MongoDB connected successfully
28/6/2025, 11:49:17 pm | INFO | MongoDB connected successfully
28/6/2025, 11:49:18 pm | INFO | MongoDB connected successfully
28/6/2025, 11:49:26 pm | INFO | MongoDB connected successfully
28/6/2025, 11:49:30 pm | INFO | MongoDB connected successfully
28/6/2025, 11:49:32 pm | INFO | MongoDB connected successfully
28/6/2025, 11:49:39 pm | INFO | MongoDB connected successfully
28/6/2025, 11:49:43 pm | INFO | MongoDB connected successfully
28/6/2025, 11:49:47 pm | INFO | MongoDB connected successfully
28/6/2025, 11:49:51 pm | INFO | MongoDB connected successfully
28/6/2025, 11:50:02 pm | INFO | MongoDB connected successfully
28/6/2025, 11:50:05 pm | INFO | MongoDB connected successfully
28/6/2025, 11:50:13 pm | INFO | MongoDB connected successfully
28/6/2025, 11:51:49 pm | INFO | MongoDB connected successfully
28/6/2025, 11:51:58 pm | INFO | MongoDB connected successfully
28/6/2025, 11:52:22 pm | INFO | MongoDB connected successfully
28/6/2025, 11:52:55 pm | INFO | MongoDB connected successfully
28/6/2025, 11:53:05 pm | INFO | MongoDB connected successfully
28/6/2025, 11:53:06 pm | INFO | MongoDB connected successfully
28/6/2025, 11:53:40 pm | INFO | MongoDB connected successfully
28/6/2025, 11:53:45 pm | INFO | MongoDB connected successfully
28/6/2025, 11:53:49 pm | INFO | MongoDB connected successfully
28/6/2025, 11:53:52 pm | INFO | MongoDB connected successfully
28/6/2025, 11:53:54 pm | INFO | MongoDB connected successfully
28/6/2025, 11:54:06 pm | INFO | MongoDB connected successfully
28/6/2025, 11:54:31 pm | INFO | MongoDB connected successfully
28/6/2025, 11:54:33 pm | INFO | MongoDB connected successfully
28/6/2025, 11:54:40 pm | INFO | MongoDB connected successfully
28/6/2025, 11:54:53 pm | INFO | MongoDB connected successfully
28/6/2025, 11:55:01 pm | INFO | MongoDB connected successfully
28/6/2025, 11:55:12 pm | INFO | MongoDB connected successfully
28/6/2025, 11:55:17 pm | INFO | MongoDB connected successfully
28/6/2025, 11:55:20 pm | INFO | MongoDB connected successfully
28/6/2025, 11:55:22 pm | INFO | MongoDB connected successfully
28/6/2025, 11:55:25 pm | INFO | MongoDB connected successfully
28/6/2025, 11:55:38 pm | INFO | MongoDB connected successfully
28/6/2025, 11:55:52 pm | INFO | MongoDB connected successfully
28/6/2025, 11:55:53 pm | INFO | MongoDB connected successfully
28/6/2025, 11:56:04 pm | INFO | MongoDB connected successfully
28/6/2025, 11:56:11 pm | INFO | MongoDB connected successfully
28/6/2025, 11:56:14 pm | INFO | MongoDB connected successfully
28/6/2025, 11:56:15 pm | INFO | MongoDB connected successfully
28/6/2025, 11:56:21 pm | INFO | MongoDB connected successfully
28/6/2025, 11:56:25 pm | INFO | MongoDB connected successfully
28/6/2025, 11:56:31 pm | INFO | MongoDB connected successfully
28/6/2025, 11:56:32 pm | INFO | MongoDB connected successfully
28/6/2025, 11:56:36 pm | INFO | MongoDB connected successfully
28/6/2025, 11:56:45 pm | INFO | MongoDB connected successfully
28/6/2025, 11:56:48 pm | INFO | MongoDB connected successfully
28/6/2025, 11:56:54 pm | INFO | MongoDB connected successfully
28/6/2025, 11:56:55 pm | INFO | MongoDB connected successfully
28/6/2025, 11:56:59 pm | INFO | MongoDB connected successfully
28/6/2025, 11:57:03 pm | INFO | MongoDB connected successfully
28/6/2025, 11:57:18 pm | INFO | MongoDB connected successfully
28/6/2025, 11:57:23 pm | INFO | MongoDB connected successfully
28/6/2025, 11:57:24 pm | INFO | MongoDB connected successfully
28/6/2025, 11:57:41 pm | INFO | MongoDB connected successfully
28/6/2025, 11:57:50 pm | INFO | MongoDB connected successfully
28/6/2025, 11:58:52 pm | INFO | MongoDB connected successfully
28/6/2025, 11:58:59 pm | INFO | MongoDB connected successfully
28/6/2025, 11:59:07 pm | INFO | MongoDB connected successfully
28/6/2025, 11:59:13 pm | INFO | MongoDB connected successfully
28/6/2025, 11:59:27 pm | INFO | MongoDB connected successfully
28/6/2025, 11:59:41 pm | INFO | MongoDB connected successfully
28/6/2025, 11:59:47 pm | INFO | MongoDB connected successfully
28/6/2025, 11:59:51 pm | INFO | MongoDB connected successfully
28/6/2025, 11:59:53 pm | INFO | MongoDB connected successfully
28/6/2025, 11:59:54 pm | INFO | MongoDB connected successfully
29/6/2025, 12:00:01 am | INFO | MongoDB connected successfully
29/6/2025, 12:00:09 am | INFO | MongoDB connected successfully
29/6/2025, 12:00:13 am | INFO | MongoDB connected successfully
29/6/2025, 12:00:14 am | INFO | MongoDB connected successfully
29/6/2025, 12:00:22 am | INFO | MongoDB connected successfully
29/6/2025, 12:00:36 am | INFO | MongoDB connected successfully
29/6/2025, 12:00:40 am | INFO | MongoDB connected successfully
29/6/2025, 12:00:45 am | INFO | MongoDB connected successfully
29/6/2025, 12:01:01 am | INFO | MongoDB connected successfully
29/6/2025, 12:01:02 am | INFO | MongoDB connected successfully
29/6/2025, 12:01:05 am | INFO | MongoDB connected successfully
29/6/2025, 12:01:08 am | INFO | MongoDB connected successfully
29/6/2025, 12:01:13 am | INFO | MongoDB connected successfully
29/6/2025, 12:01:18 am | INFO | MongoDB connected successfully
29/6/2025, 12:01:33 am | INFO | MongoDB connected successfully
29/6/2025, 12:01:47 am | INFO | MongoDB connected successfully
29/6/2025, 12:01:54 am | INFO | MongoDB connected successfully
29/6/2025, 12:02:09 am | INFO | MongoDB connected successfully
29/6/2025, 12:02:23 am | INFO | MongoDB connected successfully
29/6/2025, 12:02:31 am | INFO | MongoDB connected successfully
29/6/2025, 12:02:41 am | INFO | MongoDB connected successfully
29/6/2025, 12:02:57 am | INFO | MongoDB connected successfully
29/6/2025, 12:03:08 am | INFO | MongoDB connected successfully
29/6/2025, 12:04:15 am | INFO | New Provider created successfully: {
  credentials: {
    email: 'vineet@demo.com',
    phone: 9818166899,
    password: '$2b$10$FwBh5wSWtaz96lTwqebc7uCGVoI6jVJxImrxn1ALgcCTE2LNepuDS'
  },
  brandName: 'Kapoor Automobiles',
  vendorName: 'Vineet Kapoor',
  typeOfService: [],
  typeOfVehicle: [],
  businessImages: [],
  averageRating: 0,
  customersServed: [],
  currentCustomer: null,
  _id: new ObjectId('686035a7dd909046297d9294'),
  ratings: [],
  createdAt: 2025-06-28T18:34:15.138Z,
  updatedAt: 2025-06-28T18:34:15.138Z,
  __v: 0
}
29/6/2025, 12:05:15 am | INFO | MongoDB connected successfully
29/6/2025, 12:05:18 am | INFO | MongoDB connected successfully
29/6/2025, 12:05:28 am | INFO | MongoDB connected successfully
29/6/2025, 12:05:43 am | INFO | MongoDB connected successfully
29/6/2025, 12:05:49 am | ERROR | User already exists: {
  profileCompleted: false,
  _id: new ObjectId('686035a7dd909046297d9294'),
  credentials: { email: 'vineet@demo.com', phone: 9818166899 },
  brandName: 'Kapoor Automobiles',
  vendorName: 'Vineet Kapoor',
  typeOfService: [],
  typeOfVehicle: [],
  businessImages: [],
  averageRating: 0,
  customersServed: [],
  currentCustomer: null,
  ratings: [],
  createdAt: 2025-06-28T18:34:15.138Z,
  updatedAt: 2025-06-28T18:34:15.138Z,
  __v: 0
} 
29/6/2025, 12:06:14 am | INFO | New Provider created successfully: {
  credentials: {
    email: 'vineet@demo.com',
    phone: 9818166899,
    password: '$2b$10$6WWRsz5PcnpNQeMlzwJ2h.ZfMi0e/irDarNglERyhHEQqqsYr5HBW'
  },
  brandName: 'Kapoor Automobiles',
  vendorName: 'Vineet Kapoor',
  typeOfService: [],
  typeOfVehicle: [],
  businessImages: [],
  averageRating: 0,
  customersServed: [],
  currentCustomer: null,
  profileCompleted: false,
  _id: new ObjectId('6860361ed90cab86ca17201c'),
  ratings: [],
  createdAt: 2025-06-28T18:36:14.494Z,
  updatedAt: 2025-06-28T18:36:14.494Z,
  __v: 0
}
29/6/2025, 12:06:34 am | INFO | MongoDB connected successfully
29/6/2025, 12:06:45 am | INFO | MongoDB connected successfully
29/6/2025, 12:07:00 am | INFO | MongoDB connected successfully
29/6/2025, 12:07:05 am | INFO | MongoDB connected successfully
29/6/2025, 12:07:17 am | INFO | MongoDB connected successfully
29/6/2025, 12:07:20 am | INFO | MongoDB connected successfully
29/6/2025, 12:07:39 am | INFO | MongoDB connected successfully
29/6/2025, 12:07:49 am | INFO | MongoDB connected successfully
29/6/2025, 12:07:52 am | INFO | MongoDB connected successfully
29/6/2025, 12:07:56 am | INFO | MongoDB connected successfully
29/6/2025, 12:08:02 am | INFO | MongoDB connected successfully
29/6/2025, 12:08:16 am | INFO | MongoDB connected successfully
29/6/2025, 12:08:39 am | INFO | MongoDB connected successfully
29/6/2025, 12:08:43 am | INFO | MongoDB connected successfully
29/6/2025, 12:08:47 am | INFO | MongoDB connected successfully
29/6/2025, 12:08:48 am | INFO | MongoDB connected successfully
29/6/2025, 12:08:50 am | INFO | MongoDB connected successfully
29/6/2025, 12:08:52 am | INFO | MongoDB connected successfully
29/6/2025, 12:08:58 am | INFO | MongoDB connected successfully
29/6/2025, 12:09:27 am | INFO | MongoDB connected successfully
29/6/2025, 12:09:30 am | INFO | MongoDB connected successfully
29/6/2025, 12:09:35 am | INFO | MongoDB connected successfully
29/6/2025, 12:09:36 am | INFO | MongoDB connected successfully
29/6/2025, 12:09:39 am | INFO | MongoDB connected successfully
29/6/2025, 12:09:42 am | INFO | MongoDB connected successfully
29/6/2025, 12:09:48 am | INFO | MongoDB connected successfully
29/6/2025, 12:09:51 am | INFO | MongoDB connected successfully
29/6/2025, 12:09:55 am | INFO | MongoDB connected successfully
29/6/2025, 12:10:07 am | INFO | MongoDB connected successfully
29/6/2025, 12:10:12 am | INFO | MongoDB connected successfully
29/6/2025, 12:10:14 am | INFO | MongoDB connected successfully
29/6/2025, 12:10:27 am | INFO | MongoDB connected successfully
29/6/2025, 12:10:34 am | INFO | MongoDB connected successfully
29/6/2025, 12:10:37 am | INFO | MongoDB connected successfully
29/6/2025, 12:10:39 am | INFO | MongoDB connected successfully
29/6/2025, 12:10:51 am | INFO | MongoDB connected successfully
29/6/2025, 12:10:55 am | INFO | MongoDB connected successfully
29/6/2025, 12:11:03 am | INFO | MongoDB connected successfully
29/6/2025, 12:11:12 am | INFO | MongoDB connected successfully
29/6/2025, 12:11:15 am | INFO | MongoDB connected successfully
29/6/2025, 12:12:56 am | INFO | MongoDB connected successfully
29/6/2025, 12:13:40 am | INFO | MongoDB connected successfully
29/6/2025, 12:13:44 am | INFO | MongoDB connected successfully
29/6/2025, 12:13:46 am | INFO | MongoDB connected successfully
29/6/2025, 12:13:52 am | INFO | MongoDB connected successfully
29/6/2025, 12:13:58 am | INFO | MongoDB connected successfully
29/6/2025, 12:13:59 am | INFO | MongoDB connected successfully
29/6/2025, 12:14:11 am | INFO | MongoDB connected successfully
29/6/2025, 12:14:13 am | INFO | MongoDB connected successfully
29/6/2025, 12:14:17 am | INFO | MongoDB connected successfully
29/6/2025, 12:14:18 am | INFO | MongoDB connected successfully
29/6/2025, 12:14:23 am | INFO | MongoDB connected successfully
29/6/2025, 12:14:25 am | INFO | MongoDB connected successfully
29/6/2025, 12:14:34 am | INFO | MongoDB connected successfully
29/6/2025, 12:14:40 am | INFO | MongoDB connected successfully
29/6/2025, 12:14:42 am | INFO | MongoDB connected successfully
29/6/2025, 12:14:52 am | INFO | MongoDB connected successfully
29/6/2025, 12:14:56 am | INFO | MongoDB connected successfully
29/6/2025, 12:14:59 am | INFO | MongoDB connected successfully
29/6/2025, 12:15:15 am | INFO | MongoDB connected successfully
29/6/2025, 12:15:34 am | INFO | MongoDB connected successfully
29/6/2025, 12:15:36 am | INFO | MongoDB connected successfully
29/6/2025, 12:15:47 am | INFO | MongoDB connected successfully
29/6/2025, 12:15:59 am | INFO | MongoDB connected successfully
29/6/2025, 12:16:07 am | INFO | MongoDB connected successfully
29/6/2025, 12:16:29 am | INFO | MongoDB connected successfully
29/6/2025, 12:16:45 am | INFO | MongoDB connected successfully
29/6/2025, 12:17:09 am | INFO | MongoDB connected successfully
29/6/2025, 12:17:14 am | INFO | MongoDB connected successfully
29/6/2025, 12:17:35 am | INFO | MongoDB connected successfully
29/6/2025, 12:17:46 am | INFO | MongoDB connected successfully
29/6/2025, 12:17:50 am | INFO | MongoDB connected successfully
29/6/2025, 12:17:53 am | INFO | MongoDB connected successfully
29/6/2025, 12:17:55 am | INFO | MongoDB connected successfully
29/6/2025, 12:18:14 am | INFO | MongoDB connected successfully
29/6/2025, 12:18:15 am | INFO | MongoDB connected successfully
29/6/2025, 12:18:24 am | INFO | MongoDB connected successfully
29/6/2025, 12:18:30 am | INFO | MongoDB connected successfully
29/6/2025, 12:18:32 am | INFO | MongoDB connected successfully
29/6/2025, 12:18:35 am | INFO | MongoDB connected successfully
29/6/2025, 12:18:41 am | INFO | MongoDB connected successfully
29/6/2025, 12:18:58 am | INFO | MongoDB connected successfully
29/6/2025, 12:18:59 am | INFO | MongoDB connected successfully
29/6/2025, 12:19:05 am | INFO | MongoDB connected successfully
29/6/2025, 12:19:27 am | INFO | MongoDB connected successfully
29/6/2025, 12:19:49 am | INFO | MongoDB connected successfully
29/6/2025, 12:19:52 am | INFO | MongoDB connected successfully
29/6/2025, 12:19:59 am | INFO | MongoDB connected successfully
29/6/2025, 12:20:12 am | INFO | MongoDB connected successfully
29/6/2025, 12:20:14 am | INFO | MongoDB connected successfully
29/6/2025, 12:20:19 am | INFO | MongoDB connected successfully
29/6/2025, 12:21:03 am | INFO | MongoDB connected successfully
29/6/2025, 12:21:06 am | INFO | MongoDB connected successfully
29/6/2025, 12:21:15 am | INFO | MongoDB connected successfully
29/6/2025, 12:21:24 am | INFO | MongoDB connected successfully
29/6/2025, 12:21:29 am | INFO | MongoDB connected successfully
29/6/2025, 12:21:31 am | INFO | MongoDB connected successfully
29/6/2025, 12:21:44 am | INFO | MongoDB connected successfully
29/6/2025, 12:21:47 am | INFO | MongoDB connected successfully
29/6/2025, 12:21:51 am | INFO | MongoDB connected successfully
29/6/2025, 12:21:59 am | INFO | MongoDB connected successfully
29/6/2025, 12:22:02 am | INFO | MongoDB connected successfully
29/6/2025, 12:22:11 am | INFO | MongoDB connected successfully
29/6/2025, 12:22:30 am | INFO | MongoDB connected successfully
29/6/2025, 12:22:33 am | INFO | MongoDB connected successfully
29/6/2025, 12:22:37 am | INFO | MongoDB connected successfully
29/6/2025, 12:22:57 am | INFO | MongoDB connected successfully
29/6/2025, 12:23:07 am | INFO | MongoDB connected successfully
29/6/2025, 12:23:15 am | INFO | MongoDB connected successfully
29/6/2025, 12:23:22 am | INFO | MongoDB connected successfully
29/6/2025, 12:23:31 am | INFO | MongoDB connected successfully
29/6/2025, 12:23:34 am | INFO | MongoDB connected successfully
29/6/2025, 12:23:36 am | INFO | MongoDB connected successfully
29/6/2025, 12:23:39 am | INFO | MongoDB connected successfully
29/6/2025, 12:23:53 am | INFO | MongoDB connected successfully
29/6/2025, 12:25:02 am | INFO | Provider Logged In successfully and token attached
29/6/2025, 12:25:09 am | ERROR | Provider Credentials do not match at Login
29/6/2025, 12:25:17 am | ERROR | No Provider with matching credentials found
29/6/2025, 12:26:39 am | ERROR | No Provider with matching credentials found
29/6/2025, 12:26:48 am | ERROR | No Provider with matching credentials found
29/6/2025, 12:26:52 am | ERROR | No Provider with matching credentials found
29/6/2025, 12:27:52 am | INFO | MongoDB connected successfully
29/6/2025, 12:27:54 am | INFO | MongoDB connected successfully
29/6/2025, 12:27:57 am | INFO | MongoDB connected successfully
29/6/2025, 12:28:01 am | ERROR | No Provider with matching email found: vineet@deo.com
29/6/2025, 12:28:18 am | INFO | MongoDB connected successfully
29/6/2025, 12:28:22 am | ERROR | No Provider with matching email found: vineet@deo.com
29/6/2025, 12:28:44 am | ERROR | Provider credentials needed at Login
29/6/2025, 12:29:46 am | ERROR | Provider credentials needed at Login
29/6/2025, 12:29:58 am | INFO | Provider Logged In successfully and token attached
29/6/2025, 12:30:46 am | INFO | MongoDB connected successfully
29/6/2025, 12:31:08 am | INFO | MongoDB connected successfully
29/6/2025, 12:31:15 am | INFO | MongoDB connected successfully
29/6/2025, 12:31:25 am | INFO | MongoDB connected successfully
29/6/2025, 12:31:29 am | INFO | Provider Logged In successfully and token attached
29/6/2025, 12:31:29 am | ERROR | Error in Provider Verification/Login
29/6/2025, 12:31:40 am | INFO | MongoDB connected successfully
29/6/2025, 12:32:20 am | INFO | MongoDB connected successfully
29/6/2025, 12:32:24 am | INFO | Provider Logged In successfully and token attached
29/6/2025, 12:32:44 am | INFO | MongoDB connected successfully
29/6/2025, 12:32:53 am | INFO | MongoDB connected successfully
29/6/2025, 12:32:55 am | INFO | MongoDB connected successfully
29/6/2025, 12:33:46 am | INFO | MongoDB connected successfully
29/6/2025, 12:34:47 am | INFO | MongoDB connected successfully
29/6/2025, 12:35:17 am | INFO | Shutting down due to : SIGINT
