2025-06-25T07:00:15.904Z | ERROR | Credentials needed at Login
2025-06-25T09:10:17.759Z | ERROR | Error in adminSeeder file: Illegal arguments: undefined, number
2025-06-25T09:11:26.145Z | ERROR | Error in adminSeeder file: Illegal arguments: undefined, number
2025-06-25T09:17:59.693Z | ERROR | Error in adminSeeder file: Illegal arguments: undefined, number
2025-06-25T09:18:16.720Z | ERROR | Error in adminSeeder file: Illegal arguments: undefined, number
2025-06-25T10:06:17.173Z | ERROR | Error in adminSeeder file: Operation `admins.insertOne()` buffering timed out after 10000ms
2025-06-25T10:17:14.902Z | ERROR | Error in adminSeeder file: E11000 duplicate key error collection: RSA.admins index: email_1 dup key: { email: "admin@example.com" }
2025-06-25T18:54:13.291Z | ERROR | mongoDB --> Error: Cannot read properties of undefined (reading 'log') || TypeError: Cannot read properties of undefined (reading 'log')
2025-06-25T18:54:24.912Z | ERROR | mongoDB --> Error: Cannot assign to read only property 'plugins' of object '#<Mongoose>' || TypeError: Cannot assign to read only property 'plugins' of object '#<Mongoose>'
2025-06-25T18:55:08.956Z | ERROR | mongoDB --> Error: Cannot assign to read only property 'plugins' of object '#<Mongoose>' || TypeError: Cannot assign to read only property 'plugins' of object '#<Mongoose>'
2025-06-26T06:46:37.686Z | ERROR | Unhandled Rejection Encountered: TypeError: logger?.infor is not a function
2025-06-26T06:48:00.549Z | ERROR | Unhandled Rejection Encountered: TypeError: logger?.infor is not a function
2025-06-26T06:53:38.129Z | ERROR | Error during shutdown: logger is not defined
2025-06-26T06:56:08.595Z | ERROR | Error during shutdown: logger is not defined
2025-06-26T06:57:22.729Z | ERROR | Error during shutdown: logger is not defined
28/6/2025, 12:11:32 am | ERROR | Internal server error from userRegistration
28/6/2025, 12:16:17 am | ERROR | Internal server error from userRegistration
28/6/2025, 12:32:49 am | ERROR | Credentials needed at Login
28/6/2025, 3:11:20 pm | ERROR | Error in user Verification/Login
28/6/2025, 3:12:28 pm | ERROR | Error in user Verification/Login
29/6/2025, 12:05:49 am | ERROR | User already exists: {
  profileCompleted: false,
  _id: new ObjectId('686035a7dd909046297d9294'),
  credentials: { email: 'vineet@demo.com', phone: 9818166899 },
  brandName: 'Kapoor Automobiles',
  vendorName: 'Vineet Kapoor',
  typeOfService: [],
  typeOfVehicle: [],
  businessImages: [],
  averageRating: 0,
  customersServed: [],
  currentCustomer: null,
  ratings: [],
  createdAt: 2025-06-28T18:34:15.138Z,
  updatedAt: 2025-06-28T18:34:15.138Z,
  __v: 0
} 
29/6/2025, 12:25:09 am | ERROR | Provider Credentials do not match at Login
29/6/2025, 12:25:17 am | ERROR | No Provider with matching credentials found
29/6/2025, 12:26:39 am | ERROR | No Provider with matching credentials found
29/6/2025, 12:26:48 am | ERROR | No Provider with matching credentials found
29/6/2025, 12:26:52 am | ERROR | No Provider with matching credentials found
29/6/2025, 12:28:01 am | ERROR | No Provider with matching email found: vineet@deo.com
29/6/2025, 12:28:22 am | ERROR | No Provider with matching email found: vineet@deo.com
29/6/2025, 12:28:44 am | ERROR | Provider credentials needed at Login
29/6/2025, 12:29:46 am | ERROR | Provider credentials needed at Login
29/6/2025, 12:31:29 am | ERROR | Error in Provider Verification/Login
29/6/2025, 2:10:02 pm | ERROR | User already exists: {
  _id: new ObjectId('6860f96b123a837840efef4c'),
  credentials: { email: 'sallu@miyan.com', phone: 1231231212 },
  brandName: 'Khan tyres',
  vendorName: 'Sallu khan',
  typeOfService: [],
  typeOfVehicle: [],
  businessImages: [],
  averageRating: 0,
  customersServed: [],
  currentCustomer: null,
  profileCompleted: false,
  ratings: [],
  createdAt: 2025-06-29T08:29:31.434Z,
  updatedAt: 2025-06-29T08:29:31.434Z,
  __v: 0
} 
29/6/2025, 2:21:49 pm | ERROR | User already exists: {
  _id: new ObjectId('6860fe9f88498c33d8b54e26'),
  credentials: { email: 'sallu@miyan.com', phone: 1231231212 },
  brandName: 'Khan tyres',
  vendorName: 'Sallu khan',
  typeOfService: [],
  typeOfVehicle: [],
  businessImages: [],
  averageRating: 0,
  customersServed: [],
  currentCustomer: null,
  profileCompleted: false,
  ratings: [],
  createdAt: 2025-06-29T08:51:43.863Z,
  updatedAt: 2025-06-29T08:51:43.863Z,
  __v: 0
} 
29/6/2025, 2:21:56 pm | ERROR | User already exists: {
  _id: new ObjectId('6860fe9f88498c33d8b54e26'),
  credentials: { email: 'sallu@miyan.com', phone: 1231231212 },
  brandName: 'Khan tyres',
  vendorName: 'Sallu khan',
  typeOfService: [],
  typeOfVehicle: [],
  businessImages: [],
  averageRating: 0,
  customersServed: [],
  currentCustomer: null,
  profileCompleted: false,
  ratings: [],
  createdAt: 2025-06-29T08:51:43.863Z,
  updatedAt: 2025-06-29T08:51:43.863Z,
  __v: 0
} 
