2025-06-25T07:00:15.904Z | ERROR | Credentials needed at Login
2025-06-25T07:01:14.241Z | WARN | User not found
2025-06-25T07:05:42.960Z | WARN | User already exists {
  _id: new ObjectId('685b9ee1ce437d6f0433de4e'),
  firstName: 'Monty',
  lastName: 'Ahluwalia',
  email: 'monty@demo.com',
  password: '$2b$10$hzFo2reFhhE.B5zTal/Tm.XPnh0gWR8WRrkyk0z/.la2epAlNAgaO',
  phone: 9999988881,
  location: 'Banglore',
  isVerified: false,
  createdAt: 2025-06-25T07:01:53.382Z,
  updatedAt: 2025-06-25T07:01:53.382Z,
  __v: 0
}
2025-06-25T08:46:19.398Z | WARN | User already exists {
  _id: new ObjectId('685b9ee1ce437d6f0433de4e'),
  firstName: 'Monty',
  lastName: 'Ahluwalia',
  email: 'monty@demo.com',
  phone: 9999988881,
  location: 'Banglore',
  isVerified: false,
  createdAt: 2025-06-25T07:01:53.382Z,
  updatedAt: 2025-06-25T07:01:53.382Z,
  __v: 0
}
2025-06-25T08:46:22.631Z | WARN | User already exists {
  _id: new ObjectId('685b9ee1ce437d6f0433de4e'),
  firstName: 'Monty',
  lastName: 'Ahluwalia',
  email: 'monty@demo.com',
  phone: 9999988881,
  location: 'Banglore',
  isVerified: false,
  createdAt: 2025-06-25T07:01:53.382Z,
  updatedAt: 2025-06-25T07:01:53.382Z,
  __v: 0
}
2025-06-25T09:10:17.759Z | ERROR | Error in adminSeeder file: Illegal arguments: undefined, number
2025-06-25T09:11:26.145Z | ERROR | Error in adminSeeder file: Illegal arguments: undefined, number
2025-06-25T09:17:59.693Z | ERROR | Error in adminSeeder file: Illegal arguments: undefined, number
2025-06-25T09:18:16.720Z | ERROR | Error in adminSeeder file: Illegal arguments: undefined, number
2025-06-25T10:06:17.173Z | ERROR | Error in adminSeeder file: Operation `admins.insertOne()` buffering timed out after 10000ms
2025-06-25T10:17:14.902Z | ERROR | Error in adminSeeder file: E11000 duplicate key error collection: RSA.admins index: email_1 dup key: { email: "admin@example.com" }
